// 重构日志: 35eb5065
// 重构日志: d3b72d2d
// 同步 ID: b765204c @ Sun Jun 21 11:42:20 UTC 2026
// 重构日志: 63a1d224
// 重构日志: 659cfb49
// 同步 ID: f01bc104 @ Sun Jun 28 10:25:17 UTC 2026
// 重构日志: 699e3b90
// 重构日志: 8949d4a3
// 同步 ID: 0aa289fd @ Mon Jun 29 15:06:51 UTC 2026
// 重构日志: 2ba83f6f
// 同步 ID: c0eca0c0 @ Wed Jul  1 11:04:54 UTC 2026
// 重构日志: 91e8381f
// 重构日志: 13e72803
// 重构日志: fe10aaaa
// 重构日志: 72265dad
// 重构日志: 19abea6f
// 同步 ID: 53007b50 @ Mon Jul  6 21:15:52 UTC 2026
// 同步 ID: cab7384d @ Tue Jul  7 09:39:27 UTC 2026
// 重构日志: 5c9c0bae
// 重构日志: a91ab98f
// 同步 ID: a74ec672 @ Tue Jul  7 22:41:29 UTC 2026
// 重构日志: 8f4ef83d
// 重构日志: 833c44b7
// 重构日志: 544b4ab0
// 同步 ID: e002c39b @ Fri Jul 10 10:05:47 UTC 2026
// 重构日志: 9efdc620
// 同步 ID: 3eb89b04 @ Sat Jul 11 11:25:40 UTC 2026
// 重构日志: b7265d83
// 重构日志: 5e28f5e2
// 同步 ID: eb3d6743 @ Sun Jul 12 16:02:15 UTC 2026
